Analysis & Synthesis report for Four_bit_binary_to_2_digit_7_seg
Tue Oct 11 20:03:28 2022
Quartus Prime Version 20.1.1 Build 720 11/11/2020 SJ Lite Edition


---------------------
; Table of Contents ;
---------------------
  1. Legal Notice
  2. Analysis & Synthesis Summary
  3. Analysis & Synthesis Settings
  4. Parallel Compilation
  5. Analysis & Synthesis Source Files Read
  6. Analysis & Synthesis Resource Usage Summary
  7. Analysis & Synthesis Resource Utilization by Entity
  8. Registers Removed During Synthesis
  9. Removed Registers Triggering Further Register Optimizations
 10. General Register Statistics
 11. Parameter Settings for Inferred Entity Instance: BCD_2_digit_7_seg_display:convert_binary|lpm_divide:Mod0
 12. Parameter Settings for Inferred Entity Instance: BCD_2_digit_7_seg_display:convert_binary|lpm_divide:Div0
 13. Parameter Settings for Inferred Entity Instance: BCD_2_digit_7_seg_display:convert_binary|lpm_divide:Mod1
 14. Post-Synthesis Netlist Statistics for Top Partition
 15. Elapsed Time Per Partition
 16. Analysis & Synthesis Messages



----------------
; Legal Notice ;
----------------
Copyright (C) 2020  Intel Corporation. All rights reserved.
Your use of Intel Corporation's design tools, logic functions 
and other software and tools, and any partner logic 
functions, and any output files from any of the foregoing 
(including device programming or simulation files), and any 
associated documentation or information are expressly subject 
to the terms and conditions of the Intel Program License 
Subscription Agreement, the Intel Quartus Prime License Agreement,
the Intel FPGA IP License Agreement, or other applicable license
agreement, including, without limitation, that your use is for
the sole purpose of programming logic devices manufactured by
Intel and sold by Intel or its authorized distributors.  Please
refer to the applicable agreement for further details, at
https://fpgasoftware.intel.com/eula.



+-------------------------------------------------------------------------------+
; Analysis & Synthesis Summary                                                  ;
+---------------------------------+---------------------------------------------+
; Analysis & Synthesis Status     ; Successful - Tue Oct 11 20:03:28 2022       ;
; Quartus Prime Version           ; 20.1.1 Build 720 11/11/2020 SJ Lite Edition ;
; Revision Name                   ; Four_bit_binary_to_2_digit_7_seg            ;
; Top-level Entity Name           ; Four_bit_binary_to_2_digit_7_seg            ;
; Family                          ; Cyclone V                                   ;
; Logic utilization (in ALMs)     ; N/A                                         ;
; Total registers                 ; 26                                          ;
; Total pins                      ; 41                                          ;
; Total virtual pins              ; 0                                           ;
; Total block memory bits         ; 0                                           ;
; Total DSP Blocks                ; 0                                           ;
; Total HSSI RX PCSs              ; 0                                           ;
; Total HSSI PMA RX Deserializers ; 0                                           ;
; Total HSSI TX PCSs              ; 0                                           ;
; Total HSSI PMA TX Serializers   ; 0                                           ;
; Total PLLs                      ; 0                                           ;
; Total DLLs                      ; 0                                           ;
+---------------------------------+---------------------------------------------+


+-------------------------------------------------------------------------------------------------------------------------------------------------------+
; Analysis & Synthesis Settings                                                                                                                         ;
+---------------------------------------------------------------------------------+----------------------------------+----------------------------------+
; Option                                                                          ; Setting                          ; Default Value                    ;
+---------------------------------------------------------------------------------+----------------------------------+----------------------------------+
; Device                                                                          ; 5CEBA4F23C7                      ;                                  ;
; Top-level entity name                                                           ; Four_bit_binary_to_2_digit_7_seg ; Four_bit_binary_to_2_digit_7_seg ;
; Family name                                                                     ; Cyclone V                        ; Cyclone V                        ;
; Use smart compilation                                                           ; Off                              ; Off                              ;
; Enable parallel Assembler and Timing Analyzer during compilation                ; On                               ; On                               ;
; Enable compact report table                                                     ; Off                              ; Off                              ;
; Restructure Multiplexers                                                        ; Auto                             ; Auto                             ;
; MLAB Add Timing Constraints For Mixed-Port Feed-Through Mode Setting Don't Care ; Off                              ; Off                              ;
; Create Debugging Nodes for IP Cores                                             ; Off                              ; Off                              ;
; Preserve fewer node names                                                       ; On                               ; On                               ;
; Intel FPGA IP Evaluation Mode                                                   ; Enable                           ; Enable                           ;
; Verilog Version                                                                 ; Verilog_2001                     ; Verilog_2001                     ;
; VHDL Version                                                                    ; VHDL_1993                        ; VHDL_1993                        ;
; State Machine Processing                                                        ; Auto                             ; Auto                             ;
; Safe State Machine                                                              ; Off                              ; Off                              ;
; Extract Verilog State Machines                                                  ; On                               ; On                               ;
; Extract VHDL State Machines                                                     ; On                               ; On                               ;
; Ignore Verilog initial constructs                                               ; Off                              ; Off                              ;
; Iteration limit for constant Verilog loops                                      ; 5000                             ; 5000                             ;
; Iteration limit for non-constant Verilog loops                                  ; 250                              ; 250                              ;
; Add Pass-Through Logic to Inferred RAMs                                         ; On                               ; On                               ;
; Infer RAMs from Raw Logic                                                       ; On                               ; On                               ;
; Parallel Synthesis                                                              ; On                               ; On                               ;
; DSP Block Balancing                                                             ; Auto                             ; Auto                             ;
; NOT Gate Push-Back                                                              ; On                               ; On                               ;
; Power-Up Don't Care                                                             ; On                               ; On                               ;
; Remove Redundant Logic Cells                                                    ; Off                              ; Off                              ;
; Remove Duplicate Registers                                                      ; On                               ; On                               ;
; Ignore CARRY Buffers                                                            ; Off                              ; Off                              ;
; Ignore CASCADE Buffers                                                          ; Off                              ; Off                              ;
; Ignore GLOBAL Buffers                                                           ; Off                              ; Off                              ;
; Ignore ROW GLOBAL Buffers                                                       ; Off                              ; Off                              ;
; Ignore LCELL Buffers                                                            ; Off                              ; Off                              ;
; Ignore SOFT Buffers                                                             ; On                               ; On                               ;
; Limit AHDL Integers to 32 Bits                                                  ; Off                              ; Off                              ;
; Optimization Technique                                                          ; Balanced                         ; Balanced                         ;
; Carry Chain Length                                                              ; 70                               ; 70                               ;
; Auto Carry Chains                                                               ; On                               ; On                               ;
; Auto Open-Drain Pins                                                            ; On                               ; On                               ;
; Perform WYSIWYG Primitive Resynthesis                                           ; Off                              ; Off                              ;
; Auto ROM Replacement                                                            ; On                               ; On                               ;
; Auto RAM Replacement                                                            ; On                               ; On                               ;
; Auto DSP Block Replacement                                                      ; On                               ; On                               ;
; Auto Shift Register Replacement                                                 ; Auto                             ; Auto                             ;
; Allow Shift Register Merging across Hierarchies                                 ; Auto                             ; Auto                             ;
; Auto Clock Enable Replacement                                                   ; On                               ; On                               ;
; Strict RAM Replacement                                                          ; Off                              ; Off                              ;
; Allow Synchronous Control Signals                                               ; On                               ; On                               ;
; Force Use of Synchronous Clear Signals                                          ; Off                              ; Off                              ;
; Auto Resource Sharing                                                           ; Off                              ; Off                              ;
; Allow Any RAM Size For Recognition                                              ; Off                              ; Off                              ;
; Allow Any ROM Size For Recognition                                              ; Off                              ; Off                              ;
; Allow Any Shift Register Size For Recognition                                   ; Off                              ; Off                              ;
; Use LogicLock Constraints during Resource Balancing                             ; On                               ; On                               ;
; Ignore translate_off and synthesis_off directives                               ; Off                              ; Off                              ;
; Timing-Driven Synthesis                                                         ; On                               ; On                               ;
; Report Parameter Settings                                                       ; On                               ; On                               ;
; Report Source Assignments                                                       ; On                               ; On                               ;
; Report Connectivity Checks                                                      ; On                               ; On                               ;
; Ignore Maximum Fan-Out Assignments                                              ; Off                              ; Off                              ;
; Synchronization Register Chain Length                                           ; 3                                ; 3                                ;
; Power Optimization During Synthesis                                             ; Normal compilation               ; Normal compilation               ;
; HDL message level                                                               ; Level2                           ; Level2                           ;
; Suppress Register Optimization Related Messages                                 ; Off                              ; Off                              ;
; Number of Removed Registers Reported in Synthesis Report                        ; 5000                             ; 5000                             ;
; Number of Swept Nodes Reported in Synthesis Report                              ; 5000                             ; 5000                             ;
; Number of Inverted Registers Reported in Synthesis Report                       ; 100                              ; 100                              ;
; Clock MUX Protection                                                            ; On                               ; On                               ;
; Auto Gated Clock Conversion                                                     ; Off                              ; Off                              ;
; Block Design Naming                                                             ; Auto                             ; Auto                             ;
; SDC constraint protection                                                       ; Off                              ; Off                              ;
; Synthesis Effort                                                                ; Auto                             ; Auto                             ;
; Shift Register Replacement - Allow Asynchronous Clear Signal                    ; On                               ; On                               ;
; Pre-Mapping Resynthesis Optimization                                            ; Off                              ; Off                              ;
; Analysis & Synthesis Message Level                                              ; Medium                           ; Medium                           ;
; Disable Register Merging Across Hierarchies                                     ; Auto                             ; Auto                             ;
; Resource Aware Inference For Block RAM                                          ; On                               ; On                               ;
; Automatic Parallel Synthesis                                                    ; On                               ; On                               ;
; Partial Reconfiguration Bitstream ID                                            ; Off                              ; Off                              ;
+---------------------------------------------------------------------------------+----------------------------------+----------------------------------+


+------------------------------------------+
; Parallel Compilation                     ;
+----------------------------+-------------+
; Processors                 ; Number      ;
+----------------------------+-------------+
; Number detected on machine ; 6           ;
; Maximum allowed            ; 6           ;
;                            ;             ;
; Average used               ; 1.00        ;
; Maximum used               ; 6           ;
;                            ;             ;
; Usage by Processor         ; % Time Used ;
;     Processor 1            ; 100.0%      ;
;     Processors 2-6         ;   0.0%      ;
+----------------------------+-------------+


+-----------------------------------------------------------------------------------------------------------------------------------------------------------------------------------------+
; Analysis & Synthesis Source Files Read                                                                                                                                                  ;
+--------------------------------------+-----------------+------------------------------+---------------------------------------------------------------------------------------+---------+
; File Name with User-Entered Path     ; Used in Netlist ; File Type                    ; File Name with Absolute Path                                                          ; Library ;
+--------------------------------------+-----------------+------------------------------+---------------------------------------------------------------------------------------+---------+
; BDC_to_7_segmen.vhd                  ; yes             ; User VHDL File               ; D:/work/digital/Four_bit_binary_to_2_digit_7_seg/BDC_to_7_segmen.vhd                  ;         ;
; BCD_2_digit_7_seg_display.vhd        ; yes             ; User VHDL File               ; D:/work/digital/Four_bit_binary_to_2_digit_7_seg/BCD_2_digit_7_seg_display.vhd        ;         ;
; Four_bit_binary_to_2_digit_7_seg.vhd ; yes             ; User VHDL File               ; D:/work/digital/Four_bit_binary_to_2_digit_7_seg/Four_bit_binary_to_2_digit_7_seg.vhd ;         ;
; addsub.vhd                           ; yes             ; User VHDL File               ; D:/work/digital/Four_bit_binary_to_2_digit_7_seg/addsub.vhd                           ;         ;
; lpm_divide.tdf                       ; yes             ; Megafunction                 ; d:/quatus/quartus/libraries/megafunctions/lpm_divide.tdf                              ;         ;
; abs_divider.inc                      ; yes             ; Megafunction                 ; d:/quatus/quartus/libraries/megafunctions/abs_divider.inc                             ;         ;
; sign_div_unsign.inc                  ; yes             ; Megafunction                 ; d:/quatus/quartus/libraries/megafunctions/sign_div_unsign.inc                         ;         ;
; aglobal201.inc                       ; yes             ; Megafunction                 ; d:/quatus/quartus/libraries/megafunctions/aglobal201.inc                              ;         ;
; db/lpm_divide_62m.tdf                ; yes             ; Auto-Generated Megafunction  ; D:/work/digital/Four_bit_binary_to_2_digit_7_seg/db/lpm_divide_62m.tdf                ;         ;
; db/sign_div_unsign_9kh.tdf           ; yes             ; Auto-Generated Megafunction  ; D:/work/digital/Four_bit_binary_to_2_digit_7_seg/db/sign_div_unsign_9kh.tdf           ;         ;
; db/alt_u_div_ose.tdf                 ; yes             ; Auto-Generated Megafunction  ; D:/work/digital/Four_bit_binary_to_2_digit_7_seg/db/alt_u_div_ose.tdf                 ;         ;
; db/lpm_divide_2am.tdf                ; yes             ; Auto-Generated Megafunction  ; D:/work/digital/Four_bit_binary_to_2_digit_7_seg/db/lpm_divide_2am.tdf                ;         ;
; db/sign_div_unsign_8kh.tdf           ; yes             ; Auto-Generated Megafunction  ; D:/work/digital/Four_bit_binary_to_2_digit_7_seg/db/sign_div_unsign_8kh.tdf           ;         ;
; db/alt_u_div_mse.tdf                 ; yes             ; Auto-Generated Megafunction  ; D:/work/digital/Four_bit_binary_to_2_digit_7_seg/db/alt_u_div_mse.tdf                 ;         ;
+--------------------------------------+-----------------+------------------------------+---------------------------------------------------------------------------------------+---------+


+-----------------------------------------------------------+
; Analysis & Synthesis Resource Usage Summary               ;
+---------------------------------------------+-------------+
; Resource                                    ; Usage       ;
+---------------------------------------------+-------------+
; Estimate of Logic utilization (ALMs needed) ; 39          ;
;                                             ;             ;
; Combinational ALUT usage for logic          ; 75          ;
;     -- 7 input functions                    ; 0           ;
;     -- 6 input functions                    ; 2           ;
;     -- 5 input functions                    ; 4           ;
;     -- 4 input functions                    ; 33          ;
;     -- <=3 input functions                  ; 36          ;
;                                             ;             ;
; Dedicated logic registers                   ; 26          ;
;                                             ;             ;
; I/O pins                                    ; 41          ;
;                                             ;             ;
; Total DSP Blocks                            ; 0           ;
;                                             ;             ;
; Maximum fan-out node                        ; clock~input ;
; Maximum fan-out                             ; 26          ;
; Total fan-out                               ; 371         ;
; Average fan-out                             ; 2.03        ;
+---------------------------------------------+-------------+


+---------------------------------------------------------------------------------------------------------------------------------------------------------------------------------------------------------------------------------------------------------------------------------------------------------------------------------------------------------------------------------------+
; Analysis & Synthesis Resource Utilization by Entity                                                                                                                                                                                                                                                                                                                                   ;
+-----------------------------------------------+---------------------+---------------------------+-------------------+------------+------+--------------+----------------------------------------------------------------------------------------------------------------------------------------------------------------------------+----------------------------------+--------------+
; Compilation Hierarchy Node                    ; Combinational ALUTs ; Dedicated Logic Registers ; Block Memory Bits ; DSP Blocks ; Pins ; Virtual Pins ; Full Hierarchy Name                                                                                                                                                        ; Entity Name                      ; Library Name ;
+-----------------------------------------------+---------------------+---------------------------+-------------------+------------+------+--------------+----------------------------------------------------------------------------------------------------------------------------------------------------------------------------+----------------------------------+--------------+
; |Four_bit_binary_to_2_digit_7_seg             ; 75 (0)              ; 26 (0)                    ; 0                 ; 0          ; 41   ; 0            ; |Four_bit_binary_to_2_digit_7_seg                                                                                                                                          ; Four_bit_binary_to_2_digit_7_seg ; work         ;
;    |BCD_2_digit_7_seg_display:convert_binary| ; 43 (8)              ; 9 (9)                     ; 0                 ; 0          ; 0    ; 0            ; |Four_bit_binary_to_2_digit_7_seg|BCD_2_digit_7_seg_display:convert_binary                                                                                                 ; BCD_2_digit_7_seg_display        ; work         ;
;       |lpm_divide:Div0|                       ; 15 (0)              ; 0 (0)                     ; 0                 ; 0          ; 0    ; 0            ; |Four_bit_binary_to_2_digit_7_seg|BCD_2_digit_7_seg_display:convert_binary|lpm_divide:Div0                                                                                 ; lpm_divide                       ; work         ;
;          |lpm_divide_2am:auto_generated|      ; 15 (0)              ; 0 (0)                     ; 0                 ; 0          ; 0    ; 0            ; |Four_bit_binary_to_2_digit_7_seg|BCD_2_digit_7_seg_display:convert_binary|lpm_divide:Div0|lpm_divide_2am:auto_generated                                                   ; lpm_divide_2am                   ; work         ;
;             |sign_div_unsign_8kh:divider|     ; 15 (0)              ; 0 (0)                     ; 0                 ; 0          ; 0    ; 0            ; |Four_bit_binary_to_2_digit_7_seg|BCD_2_digit_7_seg_display:convert_binary|lpm_divide:Div0|lpm_divide_2am:auto_generated|sign_div_unsign_8kh:divider                       ; sign_div_unsign_8kh              ; work         ;
;                |alt_u_div_mse:divider|        ; 15 (15)             ; 0 (0)                     ; 0                 ; 0          ; 0    ; 0            ; |Four_bit_binary_to_2_digit_7_seg|BCD_2_digit_7_seg_display:convert_binary|lpm_divide:Div0|lpm_divide_2am:auto_generated|sign_div_unsign_8kh:divider|alt_u_div_mse:divider ; alt_u_div_mse                    ; work         ;
;       |lpm_divide:Mod0|                       ; 15 (0)              ; 0 (0)                     ; 0                 ; 0          ; 0    ; 0            ; |Four_bit_binary_to_2_digit_7_seg|BCD_2_digit_7_seg_display:convert_binary|lpm_divide:Mod0                                                                                 ; lpm_divide                       ; work         ;
;          |lpm_divide_62m:auto_generated|      ; 15 (0)              ; 0 (0)                     ; 0                 ; 0          ; 0    ; 0            ; |Four_bit_binary_to_2_digit_7_seg|BCD_2_digit_7_seg_display:convert_binary|lpm_divide:Mod0|lpm_divide_62m:auto_generated                                                   ; lpm_divide_62m                   ; work         ;
;             |sign_div_unsign_9kh:divider|     ; 15 (0)              ; 0 (0)                     ; 0                 ; 0          ; 0    ; 0            ; |Four_bit_binary_to_2_digit_7_seg|BCD_2_digit_7_seg_display:convert_binary|lpm_divide:Mod0|lpm_divide_62m:auto_generated|sign_div_unsign_9kh:divider                       ; sign_div_unsign_9kh              ; work         ;
;                |alt_u_div_ose:divider|        ; 15 (15)             ; 0 (0)                     ; 0                 ; 0          ; 0    ; 0            ; |Four_bit_binary_to_2_digit_7_seg|BCD_2_digit_7_seg_display:convert_binary|lpm_divide:Mod0|lpm_divide_62m:auto_generated|sign_div_unsign_9kh:divider|alt_u_div_ose:divider ; alt_u_div_ose                    ; work         ;
;       |lpm_divide:Mod1|                       ; 5 (0)               ; 0 (0)                     ; 0                 ; 0          ; 0    ; 0            ; |Four_bit_binary_to_2_digit_7_seg|BCD_2_digit_7_seg_display:convert_binary|lpm_divide:Mod1                                                                                 ; lpm_divide                       ; work         ;
;          |lpm_divide_62m:auto_generated|      ; 5 (0)               ; 0 (0)                     ; 0                 ; 0          ; 0    ; 0            ; |Four_bit_binary_to_2_digit_7_seg|BCD_2_digit_7_seg_display:convert_binary|lpm_divide:Mod1|lpm_divide_62m:auto_generated                                                   ; lpm_divide_62m                   ; work         ;
;             |sign_div_unsign_9kh:divider|     ; 5 (0)               ; 0 (0)                     ; 0                 ; 0          ; 0    ; 0            ; |Four_bit_binary_to_2_digit_7_seg|BCD_2_digit_7_seg_display:convert_binary|lpm_divide:Mod1|lpm_divide_62m:auto_generated|sign_div_unsign_9kh:divider                       ; sign_div_unsign_9kh              ; work         ;
;                |alt_u_div_ose:divider|        ; 5 (5)               ; 0 (0)                     ; 0                 ; 0          ; 0    ; 0            ; |Four_bit_binary_to_2_digit_7_seg|BCD_2_digit_7_seg_display:convert_binary|lpm_divide:Mod1|lpm_divide_62m:auto_generated|sign_div_unsign_9kh:divider|alt_u_div_ose:divider ; alt_u_div_ose                    ; work         ;
;    |BDC_to_7_segmen:seven_seg_display_1|      ; 7 (7)               ; 7 (7)                     ; 0                 ; 0          ; 0    ; 0            ; |Four_bit_binary_to_2_digit_7_seg|BDC_to_7_segmen:seven_seg_display_1                                                                                                      ; BDC_to_7_segmen                  ; work         ;
;    |BDC_to_7_segmen:seven_seg_display_2|      ; 7 (7)               ; 7 (7)                     ; 0                 ; 0          ; 0    ; 0            ; |Four_bit_binary_to_2_digit_7_seg|BDC_to_7_segmen:seven_seg_display_2                                                                                                      ; BDC_to_7_segmen                  ; work         ;
;    |BDC_to_7_segmen:seven_seg_display_3|      ; 1 (1)               ; 3 (3)                     ; 0                 ; 0          ; 0    ; 0            ; |Four_bit_binary_to_2_digit_7_seg|BDC_to_7_segmen:seven_seg_display_3                                                                                                      ; BDC_to_7_segmen                  ; work         ;
;    |addsub:addsub|                            ; 17 (3)              ; 0 (0)                     ; 0                 ; 0          ; 0    ; 0            ; |Four_bit_binary_to_2_digit_7_seg|addsub:addsub                                                                                                                            ; addsub                           ; work         ;
;       |fulladder:sum1|                        ; 2 (2)               ; 0 (0)                     ; 0                 ; 0          ; 0    ; 0            ; |Four_bit_binary_to_2_digit_7_seg|addsub:addsub|fulladder:sum1                                                                                                             ; fulladder                        ; work         ;
;       |fulladder:sum2|                        ; 4 (4)               ; 0 (0)                     ; 0                 ; 0          ; 0    ; 0            ; |Four_bit_binary_to_2_digit_7_seg|addsub:addsub|fulladder:sum2                                                                                                             ; fulladder                        ; work         ;
;       |fulladder:sum3|                        ; 3 (3)               ; 0 (0)                     ; 0                 ; 0          ; 0    ; 0            ; |Four_bit_binary_to_2_digit_7_seg|addsub:addsub|fulladder:sum3                                                                                                             ; fulladder                        ; work         ;
;       |fulladder:sum4|                        ; 3 (3)               ; 0 (0)                     ; 0                 ; 0          ; 0    ; 0            ; |Four_bit_binary_to_2_digit_7_seg|addsub:addsub|fulladder:sum4                                                                                                             ; fulladder                        ; work         ;
;       |fulladder:sum5|                        ; 2 (2)               ; 0 (0)                     ; 0                 ; 0          ; 0    ; 0            ; |Four_bit_binary_to_2_digit_7_seg|addsub:addsub|fulladder:sum5                                                                                                             ; fulladder                        ; work         ;
+-----------------------------------------------+---------------------+---------------------------+-------------------+------------+------+--------------+----------------------------------------------------------------------------------------------------------------------------------------------------------------------------+----------------------------------+--------------+
Note: For table entries with two numbers listed, the numbers in parentheses indicate the number of resources of the given type used by the specific entity alone. The numbers listed outside of parentheses indicate the total resources of the given type used by the specific entity and all of its sub-entities in the hierarchy.


+-------------------------------------------------------------------------------------------------------------------------------+
; Registers Removed During Synthesis                                                                                            ;
+----------------------------------------------------------+--------------------------------------------------------------------+
; Register name                                            ; Reason for Removal                                                 ;
+----------------------------------------------------------+--------------------------------------------------------------------+
; BCD_2_digit_7_seg_display:convert_binary|int_data_3[0,2] ; Stuck at GND due to stuck port data_in                             ;
; BDC_to_7_segmen:seven_seg_display_3|seven_seg[0,3,4]     ; Stuck at GND due to stuck port data_in                             ;
; BCD_2_digit_7_seg_display:convert_binary|int_data_3[3]   ; Merged with BCD_2_digit_7_seg_display:convert_binary|int_data_3[1] ;
; BDC_to_7_segmen:seven_seg_display_3|seven_seg[5]         ; Stuck at GND due to stuck port data_in                             ;
; Total Number of Removed Registers = 7                    ;                                                                    ;
+----------------------------------------------------------+--------------------------------------------------------------------+


+----------------------------------------------------------------------------------------------------------------------------------------+
; Removed Registers Triggering Further Register Optimizations                                                                            ;
+--------------------------------------------------------+---------------------------+---------------------------------------------------+
; Register name                                          ; Reason for Removal        ; Registers Removed due to This Register            ;
+--------------------------------------------------------+---------------------------+---------------------------------------------------+
; BCD_2_digit_7_seg_display:convert_binary|int_data_3[0] ; Stuck at GND              ; BDC_to_7_segmen:seven_seg_display_3|seven_seg[0], ;
;                                                        ; due to stuck port data_in ; BDC_to_7_segmen:seven_seg_display_3|seven_seg[3], ;
;                                                        ;                           ; BDC_to_7_segmen:seven_seg_display_3|seven_seg[4], ;
;                                                        ;                           ; BDC_to_7_segmen:seven_seg_display_3|seven_seg[5]  ;
+--------------------------------------------------------+---------------------------+---------------------------------------------------+


+------------------------------------------------------+
; General Register Statistics                          ;
+----------------------------------------------+-------+
; Statistic                                    ; Value ;
+----------------------------------------------+-------+
; Total registers                              ; 26    ;
; Number of registers using Synchronous Clear  ; 0     ;
; Number of registers using Synchronous Load   ; 0     ;
; Number of registers using Asynchronous Clear ; 9     ;
; Number of registers using Asynchronous Load  ; 0     ;
; Number of registers using Clock Enable       ; 0     ;
; Number of registers using Preset             ; 0     ;
+----------------------------------------------+-------+


+-----------------------------------------------------------------------------------------------------------+
; Parameter Settings for Inferred Entity Instance: BCD_2_digit_7_seg_display:convert_binary|lpm_divide:Mod0 ;
+------------------------+----------------+-----------------------------------------------------------------+
; Parameter Name         ; Value          ; Type                                                            ;
+------------------------+----------------+-----------------------------------------------------------------+
; LPM_WIDTHN             ; 5              ; Untyped                                                         ;
; LPM_WIDTHD             ; 5              ; Untyped                                                         ;
; LPM_NREPRESENTATION    ; UNSIGNED       ; Untyped                                                         ;
; LPM_DREPRESENTATION    ; UNSIGNED       ; Untyped                                                         ;
; LPM_PIPELINE           ; 0              ; Untyped                                                         ;
; LPM_REMAINDERPOSITIVE  ; TRUE           ; Untyped                                                         ;
; MAXIMIZE_SPEED         ; 5              ; Untyped                                                         ;
; CBXI_PARAMETER         ; lpm_divide_62m ; Untyped                                                         ;
; CARRY_CHAIN            ; MANUAL         ; Untyped                                                         ;
; OPTIMIZE_FOR_SPEED     ; 5              ; Untyped                                                         ;
; AUTO_CARRY_CHAINS      ; ON             ; AUTO_CARRY                                                      ;
; IGNORE_CARRY_BUFFERS   ; OFF            ; IGNORE_CARRY                                                    ;
; AUTO_CASCADE_CHAINS    ; ON             ; AUTO_CASCADE                                                    ;
; IGNORE_CASCADE_BUFFERS ; OFF            ; IGNORE_CASCADE                                                  ;
+------------------------+----------------+-----------------------------------------------------------------+
Note: In order to hide this table in the UI and the text report file, please set the "Show Parameter Settings in Synthesis Report" option in "Analysis and Synthesis Settings -> More Settings" to "Off".


+-----------------------------------------------------------------------------------------------------------+
; Parameter Settings for Inferred Entity Instance: BCD_2_digit_7_seg_display:convert_binary|lpm_divide:Div0 ;
+------------------------+----------------+-----------------------------------------------------------------+
; Parameter Name         ; Value          ; Type                                                            ;
+------------------------+----------------+-----------------------------------------------------------------+
; LPM_WIDTHN             ; 5              ; Untyped                                                         ;
; LPM_WIDTHD             ; 4              ; Untyped                                                         ;
; LPM_NREPRESENTATION    ; UNSIGNED       ; Untyped                                                         ;
; LPM_DREPRESENTATION    ; UNSIGNED       ; Untyped                                                         ;
; LPM_PIPELINE           ; 0              ; Untyped                                                         ;
; LPM_REMAINDERPOSITIVE  ; TRUE           ; Untyped                                                         ;
; MAXIMIZE_SPEED         ; 5              ; Untyped                                                         ;
; CBXI_PARAMETER         ; lpm_divide_2am ; Untyped                                                         ;
; CARRY_CHAIN            ; MANUAL         ; Untyped                                                         ;
; OPTIMIZE_FOR_SPEED     ; 5              ; Untyped                                                         ;
; AUTO_CARRY_CHAINS      ; ON             ; AUTO_CARRY                                                      ;
; IGNORE_CARRY_BUFFERS   ; OFF            ; IGNORE_CARRY                                                    ;
; AUTO_CASCADE_CHAINS    ; ON             ; AUTO_CASCADE                                                    ;
; IGNORE_CASCADE_BUFFERS ; OFF            ; IGNORE_CASCADE                                                  ;
+------------------------+----------------+-----------------------------------------------------------------+
Note: In order to hide this table in the UI and the text report file, please set the "Show Parameter Settings in Synthesis Report" option in "Analysis and Synthesis Settings -> More Settings" to "Off".


+-----------------------------------------------------------------------------------------------------------+
; Parameter Settings for Inferred Entity Instance: BCD_2_digit_7_seg_display:convert_binary|lpm_divide:Mod1 ;
+------------------------+----------------+-----------------------------------------------------------------+
; Parameter Name         ; Value          ; Type                                                            ;
+------------------------+----------------+-----------------------------------------------------------------+
; LPM_WIDTHN             ; 5              ; Untyped                                                         ;
; LPM_WIDTHD             ; 5              ; Untyped                                                         ;
; LPM_NREPRESENTATION    ; UNSIGNED       ; Untyped                                                         ;
; LPM_DREPRESENTATION    ; UNSIGNED       ; Untyped                                                         ;
; LPM_PIPELINE           ; 0              ; Untyped                                                         ;
; LPM_REMAINDERPOSITIVE  ; TRUE           ; Untyped                                                         ;
; MAXIMIZE_SPEED         ; 5              ; Untyped                                                         ;
; CBXI_PARAMETER         ; lpm_divide_62m ; Untyped                                                         ;
; CARRY_CHAIN            ; MANUAL         ; Untyped                                                         ;
; OPTIMIZE_FOR_SPEED     ; 5              ; Untyped                                                         ;
; AUTO_CARRY_CHAINS      ; ON             ; AUTO_CARRY                                                      ;
; IGNORE_CARRY_BUFFERS   ; OFF            ; IGNORE_CARRY                                                    ;
; AUTO_CASCADE_CHAINS    ; ON             ; AUTO_CASCADE                                                    ;
; IGNORE_CASCADE_BUFFERS ; OFF            ; IGNORE_CASCADE                                                  ;
+------------------------+----------------+-----------------------------------------------------------------+
Note: In order to hide this table in the UI and the text report file, please set the "Show Parameter Settings in Synthesis Report" option in "Analysis and Synthesis Settings -> More Settings" to "Off".


+-----------------------------------------------------+
; Post-Synthesis Netlist Statistics for Top Partition ;
+-----------------------+-----------------------------+
; Type                  ; Count                       ;
+-----------------------+-----------------------------+
; arriav_ff             ; 26                          ;
;     CLR               ; 9                           ;
;     plain             ; 17                          ;
; arriav_lcell_comb     ; 76                          ;
;     arith             ; 26                          ;
;         0 data inputs ; 8                           ;
;         1 data inputs ; 4                           ;
;         2 data inputs ; 2                           ;
;         4 data inputs ; 12                          ;
;     normal            ; 45                          ;
;         0 data inputs ; 1                           ;
;         1 data inputs ; 1                           ;
;         2 data inputs ; 4                           ;
;         3 data inputs ; 12                          ;
;         4 data inputs ; 21                          ;
;         5 data inputs ; 4                           ;
;         6 data inputs ; 2                           ;
;     shared            ; 5                           ;
;         0 data inputs ; 3                           ;
;         1 data inputs ; 2                           ;
; boundary_port         ; 41                          ;
;                       ;                             ;
; Max LUT depth         ; 7.90                        ;
; Average LUT depth     ; 4.48                        ;
+-----------------------+-----------------------------+


+-------------------------------+
; Elapsed Time Per Partition    ;
+----------------+--------------+
; Partition Name ; Elapsed Time ;
+----------------+--------------+
; Top            ; 00:00:00     ;
+----------------+--------------+


+-------------------------------+
; Analysis & Synthesis Messages ;
+-------------------------------+
Info: *******************************************************************
Info: Running Quartus Prime Analysis & Synthesis
    Info: Version 20.1.1 Build 720 11/11/2020 SJ Lite Edition
    Info: Processing started: Tue Oct 11 20:03:20 2022
Info: Command: quartus_map --read_settings_files=on --write_settings_files=off Four_bit_binary_to_2_digit_7_seg -c Four_bit_binary_to_2_digit_7_seg
Warning (18236): Number of processors has not been specified which may cause overloading on shared machines.  Set the global assignment NUM_PARALLEL_PROCESSORS in your QSF to an appropriate value for best performance.
Info (20030): Parallel compilation is enabled and will use 6 of the 6 processors detected
Info (12021): Found 2 design units, including 1 entities, in source file bdc_to_7_segmen.vhd
    Info (12022): Found design unit 1: BDC_to_7_segmen-data_process File: D:/work/digital/Four_bit_binary_to_2_digit_7_seg/BDC_to_7_segmen.vhd Line: 13
    Info (12023): Found entity 1: BDC_to_7_segmen File: D:/work/digital/Four_bit_binary_to_2_digit_7_seg/BDC_to_7_segmen.vhd Line: 4
Info (12021): Found 2 design units, including 1 entities, in source file bcd_2_digit_7_seg_display.vhd
    Info (12022): Found design unit 1: BCD_2_digit_7_seg_display-Behavioral File: D:/work/digital/Four_bit_binary_to_2_digit_7_seg/BCD_2_digit_7_seg_display.vhd Line: 16
    Info (12023): Found entity 1: BCD_2_digit_7_seg_display File: D:/work/digital/Four_bit_binary_to_2_digit_7_seg/BCD_2_digit_7_seg_display.vhd Line: 5
Info (12021): Found 2 design units, including 1 entities, in source file four_bit_binary_to_2_digit_7_seg.vhd
    Info (12022): Found design unit 1: Four_bit_binary_to_2_digit_7_seg-converter File: D:/work/digital/Four_bit_binary_to_2_digit_7_seg/Four_bit_binary_to_2_digit_7_seg.vhd Line: 19
    Info (12023): Found entity 1: Four_bit_binary_to_2_digit_7_seg File: D:/work/digital/Four_bit_binary_to_2_digit_7_seg/Four_bit_binary_to_2_digit_7_seg.vhd Line: 5
Info (12021): Found 4 design units, including 2 entities, in source file addsub.vhd
    Info (12022): Found design unit 1: fulladder-data_flow File: D:/work/digital/Four_bit_binary_to_2_digit_7_seg/addsub.vhd Line: 10
    Info (12022): Found design unit 2: addsub-struct File: D:/work/digital/Four_bit_binary_to_2_digit_7_seg/addsub.vhd Line: 27
    Info (12023): Found entity 1: fulladder File: D:/work/digital/Four_bit_binary_to_2_digit_7_seg/addsub.vhd Line: 4
    Info (12023): Found entity 2: addsub File: D:/work/digital/Four_bit_binary_to_2_digit_7_seg/addsub.vhd Line: 19
Info (12127): Elaborating entity "Four_bit_binary_to_2_digit_7_seg" for the top level hierarchy
Info (12129): Elaborating entity "addsub" using architecture "A:struct" for hierarchy "addsub:addsub" File: D:/work/digital/Four_bit_binary_to_2_digit_7_seg/Four_bit_binary_to_2_digit_7_seg.vhd Line: 25
Info (12128): Elaborating entity "fulladder" for hierarchy "addsub:addsub|fulladder:sum1" File: D:/work/digital/Four_bit_binary_to_2_digit_7_seg/addsub.vhd Line: 37
Info (12129): Elaborating entity "BCD_2_digit_7_seg_display" using architecture "A:behavioral" for hierarchy "BCD_2_digit_7_seg_display:convert_binary" File: D:/work/digital/Four_bit_binary_to_2_digit_7_seg/Four_bit_binary_to_2_digit_7_seg.vhd Line: 27
Warning (10492): VHDL Process Statement warning at BCD_2_digit_7_seg_display.vhd(27): signal "V" is read inside the Process Statement but isn't in the Process Statement's sensitivity list File: D:/work/digital/Four_bit_binary_to_2_digit_7_seg/BCD_2_digit_7_seg_display.vhd Line: 27
Warning (10492): VHDL Process Statement warning at BCD_2_digit_7_seg_display.vhd(38): signal "int_data_1" is read inside the Process Statement but isn't in the Process Statement's sensitivity list File: D:/work/digital/Four_bit_binary_to_2_digit_7_seg/BCD_2_digit_7_seg_display.vhd Line: 38
Warning (10492): VHDL Process Statement warning at BCD_2_digit_7_seg_display.vhd(39): signal "int_data_2" is read inside the Process Statement but isn't in the Process Statement's sensitivity list File: D:/work/digital/Four_bit_binary_to_2_digit_7_seg/BCD_2_digit_7_seg_display.vhd Line: 39
Warning (10492): VHDL Process Statement warning at BCD_2_digit_7_seg_display.vhd(40): signal "int_data_3" is read inside the Process Statement but isn't in the Process Statement's sensitivity list File: D:/work/digital/Four_bit_binary_to_2_digit_7_seg/BCD_2_digit_7_seg_display.vhd Line: 40
Info (12129): Elaborating entity "BDC_to_7_segmen" using architecture "A:data_process" for hierarchy "BDC_to_7_segmen:seven_seg_display_1" File: D:/work/digital/Four_bit_binary_to_2_digit_7_seg/Four_bit_binary_to_2_digit_7_seg.vhd Line: 36
Info (278001): Inferred 3 megafunctions from design logic
    Info (278004): Inferred divider/modulo megafunction ("lpm_divide") from the following logic: "BCD_2_digit_7_seg_display:convert_binary|Mod0" File: D:/work/digital/Four_bit_binary_to_2_digit_7_seg/BCD_2_digit_7_seg_display.vhd Line: 32
    Info (278004): Inferred divider/modulo megafunction ("lpm_divide") from the following logic: "BCD_2_digit_7_seg_display:convert_binary|Div0" File: D:/work/digital/Four_bit_binary_to_2_digit_7_seg/BCD_2_digit_7_seg_display.vhd Line: 33
    Info (278004): Inferred divider/modulo megafunction ("lpm_divide") from the following logic: "BCD_2_digit_7_seg_display:convert_binary|Mod1" File: D:/work/digital/Four_bit_binary_to_2_digit_7_seg/BCD_2_digit_7_seg_display.vhd Line: 33
Info (12130): Elaborated megafunction instantiation "BCD_2_digit_7_seg_display:convert_binary|lpm_divide:Mod0" File: D:/work/digital/Four_bit_binary_to_2_digit_7_seg/BCD_2_digit_7_seg_display.vhd Line: 32
Info (12133): Instantiated megafunction "BCD_2_digit_7_seg_display:convert_binary|lpm_divide:Mod0" with the following parameter: File: D:/work/digital/Four_bit_binary_to_2_digit_7_seg/BCD_2_digit_7_seg_display.vhd Line: 32
    Info (12134): Parameter "LPM_WIDTHN" = "5"
    Info (12134): Parameter "LPM_WIDTHD" = "5"
    Info (12134): Parameter "LPM_NREPRESENTATION" = "UNSIGNED"
    Info (12134): Parameter "LPM_DREPRESENTATION" = "UNSIGNED"
Info (12021): Found 1 design units, including 1 entities, in source file db/lpm_divide_62m.tdf
    Info (12023): Found entity 1: lpm_divide_62m File: D:/work/digital/Four_bit_binary_to_2_digit_7_seg/db/lpm_divide_62m.tdf Line: 25
Info (12021): Found 1 design units, including 1 entities, in source file db/sign_div_unsign_9kh.tdf
    Info (12023): Found entity 1: sign_div_unsign_9kh File: D:/work/digital/Four_bit_binary_to_2_digit_7_seg/db/sign_div_unsign_9kh.tdf Line: 25
Info (12021): Found 1 design units, including 1 entities, in source file db/alt_u_div_ose.tdf
    Info (12023): Found entity 1: alt_u_div_ose File: D:/work/digital/Four_bit_binary_to_2_digit_7_seg/db/alt_u_div_ose.tdf Line: 23
Info (12130): Elaborated megafunction instantiation "BCD_2_digit_7_seg_display:convert_binary|lpm_divide:Div0" File: D:/work/digital/Four_bit_binary_to_2_digit_7_seg/BCD_2_digit_7_seg_display.vhd Line: 33
Info (12133): Instantiated megafunction "BCD_2_digit_7_seg_display:convert_binary|lpm_divide:Div0" with the following parameter: File: D:/work/digital/Four_bit_binary_to_2_digit_7_seg/BCD_2_digit_7_seg_display.vhd Line: 33
    Info (12134): Parameter "LPM_WIDTHN" = "5"
    Info (12134): Parameter "LPM_WIDTHD" = "4"
    Info (12134): Parameter "LPM_NREPRESENTATION" = "UNSIGNED"
    Info (12134): Parameter "LPM_DREPRESENTATION" = "UNSIGNED"
Info (12021): Found 1 design units, including 1 entities, in source file db/lpm_divide_2am.tdf
    Info (12023): Found entity 1: lpm_divide_2am File: D:/work/digital/Four_bit_binary_to_2_digit_7_seg/db/lpm_divide_2am.tdf Line: 25
Info (12021): Found 1 design units, including 1 entities, in source file db/sign_div_unsign_8kh.tdf
    Info (12023): Found entity 1: sign_div_unsign_8kh File: D:/work/digital/Four_bit_binary_to_2_digit_7_seg/db/sign_div_unsign_8kh.tdf Line: 25
Info (12021): Found 1 design units, including 1 entities, in source file db/alt_u_div_mse.tdf
    Info (12023): Found entity 1: alt_u_div_mse File: D:/work/digital/Four_bit_binary_to_2_digit_7_seg/db/alt_u_div_mse.tdf Line: 23
Warning (13024): Output pins are stuck at VCC or GND
    Warning (13410): Pin "seven_seg_digit_3[0]" is stuck at GND File: D:/work/digital/Four_bit_binary_to_2_digit_7_seg/Four_bit_binary_to_2_digit_7_seg.vhd Line: 16
    Warning (13410): Pin "seven_seg_digit_3[3]" is stuck at GND File: D:/work/digital/Four_bit_binary_to_2_digit_7_seg/Four_bit_binary_to_2_digit_7_seg.vhd Line: 16
    Warning (13410): Pin "seven_seg_digit_3[4]" is stuck at GND File: D:/work/digital/Four_bit_binary_to_2_digit_7_seg/Four_bit_binary_to_2_digit_7_seg.vhd Line: 16
    Warning (13410): Pin "seven_seg_digit_3[5]" is stuck at GND File: D:/work/digital/Four_bit_binary_to_2_digit_7_seg/Four_bit_binary_to_2_digit_7_seg.vhd Line: 16
Info (286030): Timing-Driven Synthesis is running
Info (16010): Generating hard_block partition "hard_block:auto_generated_inst"
    Info (16011): Adding 0 node(s), including 0 DDIO, 0 PLL, 0 transceiver and 0 LCELL
Info (21057): Implemented 119 device resources after synthesis - the final resource count might be different
    Info (21058): Implemented 13 input pins
    Info (21059): Implemented 28 output pins
    Info (21061): Implemented 78 logic cells
Info: Quartus Prime Analysis & Synthesis was successful. 0 errors, 10 warnings
    Info: Peak virtual memory: 4867 megabytes
    Info: Processing ended: Tue Oct 11 20:03:28 2022
    Info: Elapsed time: 00:00:08
    Info: Total CPU time (on all processors): 00:00:16


